Determining if the pthread_create exist failed with the following output:
Change Dir: /home/mcding/johnding1996/COMP5411/assignment1/cmake-build-debug/CMakeFiles/CMakeTmp

Run Build Command:"/usr/bin/make" "cmTC_fee75/fast"
/usr/bin/make -f CMakeFiles/cmTC_fee75.dir/build.make CMakeFiles/cmTC_fee75.dir/build
make[1]: Entering directory '/home/mcding/johnding1996/COMP5411/assignment1/cmake-build-debug/CMakeFiles/CMakeTmp'
Building C object CMakeFiles/cmTC_fee75.dir/CheckSymbolExists.c.o
/usr/bin/cc    -o CMakeFiles/cmTC_fee75.dir/CheckSymbolExists.c.o   -c /home/mcding/johnding1996/COMP5411/assignment1/cmake-build-debug/CMakeFiles/CMakeTmp/CheckSymbolExists.c
Linking C executable cmTC_fee75
/home/mcding/.local/share/JetBrains/Toolbox/apps/CLion/ch-0/172.3968.17/bin/cmake/bin/cmake -E cmake_link_script CMakeFiles/cmTC_fee75.dir/link.txt --verbose=1
/usr/bin/cc      -rdynamic CMakeFiles/cmTC_fee75.dir/CheckSymbolExists.c.o  -o cmTC_fee75 
CMakeFiles/cmTC_fee75.dir/CheckSymbolExists.c.o: In function `main':
CheckSymbolExists.c:(.text+0x16): undefined reference to `pthread_create'
collect2: error: ld returned 1 exit status
CMakeFiles/cmTC_fee75.dir/build.make:97: recipe for target 'cmTC_fee75' failed
make[1]: *** [cmTC_fee75] Error 1
make[1]: Leaving directory '/home/mcding/johnding1996/COMP5411/assignment1/cmake-build-debug/CMakeFiles/CMakeTmp'
Makefile:126: recipe for target 'cmTC_fee75/fast' failed
make: *** [cmTC_fee75/fast] Error 2

File /home/mcding/johnding1996/COMP5411/assignment1/cmake-build-debug/CMakeFiles/CMakeTmp/CheckSymbolExists.c:
/* */
#include <pthread.h>

int main(int argc, char** argv)
{
  (void)argv;
#ifndef pthread_create
  return ((int*)(&pthread_create))[argc];
#else
  (void)argc;
  return 0;
#endif
}

Determining if the function pthread_create exists in the pthreads failed with the following output:
Change Dir: /home/mcding/johnding1996/COMP5411/assignment1/cmake-build-debug/CMakeFiles/CMakeTmp

Run Build Command:"/usr/bin/make" "cmTC_f333a/fast"
/usr/bin/make -f CMakeFiles/cmTC_f333a.dir/build.make CMakeFiles/cmTC_f333a.dir/build
make[1]: Entering directory '/home/mcding/johnding1996/COMP5411/assignment1/cmake-build-debug/CMakeFiles/CMakeTmp'
Building C object CMakeFiles/cmTC_f333a.dir/CheckFunctionExists.c.o
/usr/bin/cc   -DCHECK_FUNCTION_EXISTS=pthread_create   -o CMakeFiles/cmTC_f333a.dir/CheckFunctionExists.c.o   -c /home/mcding/.local/share/JetBrains/Toolbox/apps/CLion/ch-0/172.3968.17/bin/cmake/share/cmake-3.8/Modules/CheckFunctionExists.c
Linking C executable cmTC_f333a
/home/mcding/.local/share/JetBrains/Toolbox/apps/CLion/ch-0/172.3968.17/bin/cmake/bin/cmake -E cmake_link_script CMakeFiles/cmTC_f333a.dir/link.txt --verbose=1
/usr/bin/cc  -DCHECK_FUNCTION_EXISTS=pthread_create    -rdynamic CMakeFiles/cmTC_f333a.dir/CheckFunctionExists.c.o  -o cmTC_f333a -lpthreads 
/usr/bin/ld: cannot find -lpthreads
collect2: error: ld returned 1 exit status
CMakeFiles/cmTC_f333a.dir/build.make:97: recipe for target 'cmTC_f333a' failed
make[1]: *** [cmTC_f333a] Error 1
make[1]: Leaving directory '/home/mcding/johnding1996/COMP5411/assignment1/cmake-build-debug/CMakeFiles/CMakeTmp'
Makefile:126: recipe for target 'cmTC_f333a/fast' failed
make: *** [cmTC_f333a/fast] Error 2


